Run started: 2026-03-11T17:48:07.827705
Run finished: 2026-03-11T18:07:27.841192
Duration: 0:19:20.013487

Companies scraped: nike, adidas, puma, lululemon, jd sports, burberry, columbia, boohoo, under armour
Search keywords: ''
Past X years: 3

Combined CSV output: C:\Users\Crabbe\df-frontier\python\p4-ESG\value-stream-esg\outputs\articles\all_esg_articles_20260311_174807.csv
Summary CSV output: C:\Users\Crabbe\df-frontier\python\p4-ESG\value-stream-esg\outputs\articles\scrape_summary_20260311_174807.csv
Error CSV output: None
Total rows in combined dataframe: 369
Rows upserted to database: 369

Results by company and source:
  - company=nike, source=ESG News, rows=39, status=ok
  - company=nike, source=ESG Dive, rows=23, status=ok
  - company=nike, source=ESG Today, rows=38, status=ok
  - company=adidas, source=ESG News, rows=2, status=ok
  - company=adidas, source=ESG Dive, rows=12, status=ok
  - company=adidas, source=ESG Today, rows=5, status=ok
  - company=puma, source=ESG News, rows=10, status=ok
  - company=puma, source=ESG Dive, rows=3, status=ok
  - company=puma, source=ESG Today, rows=18, status=ok
  - company=lululemon, source=ESG News, rows=9, status=ok
  - company=lululemon, source=ESG Dive, rows=16, status=ok
  - company=lululemon, source=ESG Today, rows=25, status=ok
  - company=jd sports, source=ESG News, rows=8, status=ok
  - company=jd sports, source=ESG Dive, rows=0, status=ok
  - company=jd sports, source=ESG Today, rows=0, status=ok
  - company=burberry, source=ESG News, rows=3, status=ok
  - company=burberry, source=ESG Dive, rows=1, status=ok
  - company=burberry, source=ESG Today, rows=12, status=ok
  - company=columbia, source=ESG News, rows=69, status=ok
  - company=columbia, source=ESG Dive, rows=42, status=ok
  - company=columbia, source=ESG Today, rows=67, status=ok
  - company=boohoo, source=ESG News, rows=13, status=ok
  - company=boohoo, source=ESG Dive, rows=1, status=ok
  - company=boohoo, source=ESG Today, rows=7, status=ok
  - company=under armour, source=ESG News, rows=8, status=ok
  - company=under armour, source=ESG Dive, rows=3, status=ok
  - company=under armour, source=ESG Today, rows=5, status=ok

Totals by source:
  - ESG Dive: 101 rows
  - ESG News: 161 rows
  - ESG Today: 177 rows

Totals by company:
  - adidas: 19 rows
  - boohoo: 21 rows
  - burberry: 16 rows
  - columbia: 178 rows
  - jd sports: 8 rows
  - lululemon: 50 rows
  - nike: 100 rows
  - puma: 31 rows
  - under armour: 16 rows

Errors:
  None